2021-12-17 18:24:34 INFO::Writing function arguments to log file
2021-12-17 18:24:34 DEBUG::Function arguments
2021-12-17 18:24:34 DEBUG::Output folder: ./MaAsLin2CLRYao_None_trial_arm
2021-12-17 18:24:34 DEBUG::Min Abundance: 0.000000
2021-12-17 18:24:34 DEBUG::Min Prevalence: 0.000000
2021-12-17 18:24:34 DEBUG::Normalization: NONE
2021-12-17 18:24:34 DEBUG::Transform: NONE
2021-12-17 18:24:34 DEBUG::Analysis method: LM
2021-12-17 18:24:34 DEBUG::Max significance: 0.050000
2021-12-17 18:24:34 DEBUG::Random effects:
2021-12-17 18:24:34 DEBUG::Fixed effects: trial_arm
2021-12-17 18:24:34 DEBUG::Correction method: BH
2021-12-17 18:24:34 DEBUG::Standardize: FALSE
2021-12-17 18:24:34 DEBUG::Cores: 1
2021-12-17 18:24:34 INFO::Verifying options selected are valid
2021-12-17 18:24:34 INFO::Determining format of input files
2021-12-17 18:24:34 INFO::Input format is data samples as columns and metadata samples as rows
2021-12-17 18:24:34 DEBUG::Transformed data so samples are rows
2021-12-17 18:24:34 DEBUG::A total of 240 samples were found in both the data and metadata
2021-12-17 18:24:34 DEBUG::Reordering data/metadata to use same sample ordering
2021-12-17 18:24:34 INFO::Formula for fixed effects: expr ~  trial_arm
2021-12-17 18:24:34 INFO::Filter data based on min abundance and min prevalence
2021-12-17 18:24:34 INFO::Total samples in data: 240
2021-12-17 18:24:34 INFO::Min samples required with min abundance for a feature not to be filtered: 0.000000
2021-12-17 18:24:34 INFO::Total filtered features: 0
2021-12-17 18:24:34 INFO::Filtered feature names from abundance and prevalence filtering:
2021-12-17 18:24:34 INFO::Running selected normalization method: NONE
2021-12-17 18:24:34 INFO::Total filtered features with variance filtering: 0
2021-12-17 18:24:34 INFO::Filtered feature names from variance filtering:
2021-12-17 18:24:34 INFO::Bypass z-score application to metadata
2021-12-17 18:24:34 INFO::Running selected transform method: NONE
2021-12-17 18:24:34 INFO::Running selected analysis method: LM
2021-12-17 18:24:34 INFO::Fitting model to feature number 1, Neisseria
2021-12-17 18:24:34 INFO::Fitting model to feature number 2, Streptococcus
2021-12-17 18:24:34 INFO::Fitting model to feature number 3, Haemophilus
2021-12-17 18:24:34 INFO::Fitting model to feature number 4, Prevotella
2021-12-17 18:24:34 INFO::Fitting model to feature number 5, Moraxella
2021-12-17 18:24:34 INFO::Fitting model to feature number 6, Veillonella
2021-12-17 18:24:34 INFO::Fitting model to feature number 7, Fusobacterium
2021-12-17 18:24:34 INFO::Fitting model to feature number 8, Porphyromonas
2021-12-17 18:24:34 INFO::Fitting model to feature number 9, Lautropia
2021-12-17 18:24:34 INFO::Fitting model to feature number 10, Actinobacillus
2021-12-17 18:24:34 INFO::Fitting model to feature number 11, Gemella
2021-12-17 18:24:34 INFO::Fitting model to feature number 12, Alloprevotella
2021-12-17 18:24:34 INFO::Fitting model to feature number 13, Leptotrichia
2021-12-17 18:24:34 INFO::Fitting model to feature number 14, Rothia
2021-12-17 18:24:35 INFO::Fitting model to feature number 15, Aggregatibacter
2021-12-17 18:24:35 INFO::Fitting model to feature number 16, Granulicatella
2021-12-17 18:24:35 INFO::Fitting model to feature number 17, Escherichia.Shigella
2021-12-17 18:24:35 INFO::Fitting model to feature number 18, ASV_52
2021-12-17 18:24:35 INFO::Fitting model to feature number 19, Actinomyces
2021-12-17 18:24:35 INFO::Fitting model to feature number 20, Pseudomonas
2021-12-17 18:24:35 INFO::Fitting model to feature number 21, ASV_62
2021-12-17 18:24:35 INFO::Fitting model to feature number 22, Campylobacter
2021-12-17 18:24:35 INFO::Fitting model to feature number 23, Bergeyella
2021-12-17 18:24:35 INFO::Fitting model to feature number 24, ASV_68
2021-12-17 18:24:35 INFO::Fitting model to feature number 25, ASV_77
2021-12-17 18:24:35 INFO::Fitting model to feature number 26, Dolosigranulum
2021-12-17 18:24:35 INFO::Fitting model to feature number 27, Streptobacillus
2021-12-17 18:24:35 INFO::Fitting model to feature number 28, Oribacterium
2021-12-17 18:24:35 INFO::Fitting model to feature number 29, ASV_112
2021-12-17 18:24:35 INFO::Fitting model to feature number 30, Stomatobaculum
2021-12-17 18:24:35 INFO::Fitting model to feature number 31, Lachnoanaerobaculum
2021-12-17 18:24:35 INFO::Fitting model to feature number 32, ASV_120
2021-12-17 18:24:35 INFO::Fitting model to feature number 33, ASV_126
2021-12-17 18:24:35 INFO::Fitting model to feature number 34, Mannheimia
2021-12-17 18:24:35 INFO::Fitting model to feature number 35, TM7x
2021-12-17 18:24:35 INFO::Fitting model to feature number 36, Tropheryma
2021-12-17 18:24:35 INFO::Fitting model to feature number 37, Solobacterium
2021-12-17 18:24:35 INFO::Fitting model to feature number 38, Peptostreptococcus
2021-12-17 18:24:35 INFO::Fitting model to feature number 39, Abiotrophia
2021-12-17 18:24:35 INFO::Fitting model to feature number 40, Oceanivirga
2021-12-17 18:24:35 INFO::Fitting model to feature number 41, Corynebacterium
2021-12-17 18:24:35 INFO::Fitting model to feature number 42, ASV_157
2021-12-17 18:24:35 INFO::Fitting model to feature number 43, ASV_163
2021-12-17 18:24:35 INFO::Fitting model to feature number 44, ASV_180
2021-12-17 18:24:35 INFO::Fitting model to feature number 45, ASV_182
2021-12-17 18:24:35 INFO::Fitting model to feature number 46, ASV_187
2021-12-17 18:24:35 INFO::Fitting model to feature number 47, Treponema
2021-12-17 18:24:35 INFO::Fitting model to feature number 48, Eikenella
2021-12-17 18:24:35 INFO::Fitting model to feature number 49, ASV_203
2021-12-17 18:24:35 INFO::Fitting model to feature number 50, ASV_205
2021-12-17 18:24:35 INFO::Fitting model to feature number 51, ASV_209
2021-12-17 18:24:35 INFO::Fitting model to feature number 52, F0058
2021-12-17 18:24:35 INFO::Fitting model to feature number 53, ASV_214
2021-12-17 18:24:35 INFO::Fitting model to feature number 54, ASV_216
2021-12-17 18:24:35 INFO::Fitting model to feature number 55, Conchiformibius
2021-12-17 18:24:35 INFO::Fitting model to feature number 56, Hydrogenophaga
2021-12-17 18:24:35 INFO::Fitting model to feature number 57, Catonella
2021-12-17 18:24:35 INFO::Fitting model to feature number 58, Candidatus_Saccharimonas
2021-12-17 18:24:35 INFO::Fitting model to feature number 59, ASV_239
2021-12-17 18:24:35 INFO::Fitting model to feature number 60, ASV_242
2021-12-17 18:24:35 INFO::Fitting model to feature number 61, Mogibacterium
2021-12-17 18:24:35 INFO::Fitting model to feature number 62, Atopobium
2021-12-17 18:24:35 INFO::Fitting model to feature number 63, Selenomonas
2021-12-17 18:24:35 INFO::Fitting model to feature number 64, ASV_260
2021-12-17 18:24:35 INFO::Fitting model to feature number 65, Cardiobacterium
2021-12-17 18:24:35 INFO::Fitting model to feature number 66, ASV_280
2021-12-17 18:24:35 INFO::Fitting model to feature number 67, ASV_283
2021-12-17 18:24:35 INFO::Fitting model to feature number 68, Comamonas
2021-12-17 18:24:35 INFO::Fitting model to feature number 69, Capnocytophaga
2021-12-17 18:24:35 INFO::Fitting model to feature number 70, ASV_286
2021-12-17 18:24:35 INFO::Fitting model to feature number 71, Kingella
2021-12-17 18:24:35 INFO::Fitting model to feature number 72, Butyrivibrio
2021-12-17 18:24:35 INFO::Fitting model to feature number 73, ASV_307
2021-12-17 18:24:35 INFO::Fitting model to feature number 74, Mycoplasma
2021-12-17 18:24:35 INFO::Fitting model to feature number 75, Tannerella
2021-12-17 18:24:35 INFO::Fitting model to feature number 76, Parvimonas
2021-12-17 18:24:35 INFO::Fitting model to feature number 77, ASV_329
2021-12-17 18:24:35 INFO::Fitting model to feature number 78, ASV_331
2021-12-17 18:24:35 INFO::Fitting model to feature number 79, Filifactor
2021-12-17 18:24:35 INFO::Fitting model to feature number 80, Dialister
2021-12-17 18:24:35 INFO::Fitting model to feature number 81, ASV_339
2021-12-17 18:24:35 INFO::Fitting model to feature number 82, Peptococcus
2021-12-17 18:24:35 INFO::Fitting model to feature number 83, Staphylococcus
2021-12-17 18:24:35 INFO::Fitting model to feature number 84, Hyphomicrobium
2021-12-17 18:24:35 INFO::Fitting model to feature number 85, ASV_383
2021-12-17 18:24:35 INFO::Fitting model to feature number 86, Psychrobacter
2021-12-17 18:24:35 INFO::Fitting model to feature number 87, ASV_409
2021-12-17 18:24:35 INFO::Fitting model to feature number 88, F0332
2021-12-17 18:24:35 INFO::Fitting model to feature number 89, ASV_421
2021-12-17 18:24:35 INFO::Fitting model to feature number 90, ASV_422
2021-12-17 18:24:35 INFO::Fitting model to feature number 91, ASV_428
2021-12-17 18:24:35 INFO::Fitting model to feature number 92, Peptoanaerobacter
2021-12-17 18:24:35 INFO::Fitting model to feature number 93, Delftia
2021-12-17 18:24:35 INFO::Fitting model to feature number 94, Sphingopyxis
2021-12-17 18:24:35 INFO::Fitting model to feature number 95, Lentimicrobium
2021-12-17 18:24:35 INFO::Fitting model to feature number 96, ASV_461
2021-12-17 18:24:35 INFO::Fitting model to feature number 97, ASV_472
2021-12-17 18:24:35 INFO::Fitting model to feature number 98, ASV_485
2021-12-17 18:24:35 INFO::Fitting model to feature number 99, Amnipila
2021-12-17 18:24:35 INFO::Fitting model to feature number 100, Bulleidia
2021-12-17 18:24:35 INFO::Fitting model to feature number 101, Anaeroglobus
2021-12-17 18:24:35 INFO::Fitting model to feature number 102, Shuttleworthia
2021-12-17 18:24:35 INFO::Fitting model to feature number 103, ASV_508
2021-12-17 18:24:35 INFO::Fitting model to feature number 104, Rikenellaceae_RC9_gut_group
2021-12-17 18:24:35 INFO::Fitting model to feature number 105, ASV_525
2021-12-17 18:24:35 INFO::Fitting model to feature number 106, Sneathia
2021-12-17 18:24:35 INFO::Fitting model to feature number 107, ASV_533
2021-12-17 18:24:35 INFO::Fitting model to feature number 108, ASV_540
2021-12-17 18:24:35 INFO::Fitting model to feature number 109, Centipeda
2021-12-17 18:24:35 INFO::Fitting model to feature number 110, ASV_561
2021-12-17 18:24:35 INFO::Fitting model to feature number 111, Lactobacillus
2021-12-17 18:24:35 INFO::Fitting model to feature number 112, Acinetobacter
2021-12-17 18:24:35 INFO::Fitting model to feature number 113, ASV_572
2021-12-17 18:24:35 INFO::Fitting model to feature number 114, ASV_586
2021-12-17 18:24:35 INFO::Fitting model to feature number 115, Defluviitaleaceae_UCG.011
2021-12-17 18:24:35 INFO::Fitting model to feature number 116, ASV_591
2021-12-17 18:24:35 INFO::Fitting model to feature number 117, ASV_596
2021-12-17 18:24:35 INFO::Fitting model to feature number 118, Johnsonella
2021-12-17 18:24:35 INFO::Fitting model to feature number 119, ASV_639
2021-12-17 18:24:35 INFO::Fitting model to feature number 120, ASV_644
2021-12-17 18:24:35 INFO::Fitting model to feature number 121, Rodentibacter
2021-12-17 18:24:35 INFO::Fitting model to feature number 122, ASV_682
2021-12-17 18:24:35 INFO::Fitting model to feature number 123, ASV_689
2021-12-17 18:24:35 INFO::Fitting model to feature number 124, Family_XIII_UCG.001
2021-12-17 18:24:35 INFO::Fitting model to feature number 125, Alysiella
2021-12-17 18:24:35 INFO::Fitting model to feature number 126, ASV_817
2021-12-17 18:24:35 INFO::Fitting model to feature number 127, ASV_821
2021-12-17 18:24:35 INFO::Fitting model to feature number 128, ASV_844
2021-12-17 18:24:35 INFO::Fitting model to feature number 129, ASV_854
2021-12-17 18:24:35 INFO::Fitting model to feature number 130, ASV_860
2021-12-17 18:24:35 INFO::Fitting model to feature number 131, ASV_861
2021-12-17 18:24:35 INFO::Fitting model to feature number 132, ASV_894
2021-12-17 18:24:35 INFO::Fitting model to feature number 133, Olsenella
2021-12-17 18:24:35 INFO::Fitting model to feature number 134, ASV_920
2021-12-17 18:24:35 INFO::Fitting model to feature number 135, Fretibacterium
2021-12-17 18:24:35 INFO::Fitting model to feature number 136, Scardovia
2021-12-17 18:24:35 INFO::Fitting model to feature number 137, ASV_934
2021-12-17 18:24:35 INFO::Fitting model to feature number 138, ASV_964
2021-12-17 18:24:35 INFO::Fitting model to feature number 139, Mobiluncus
2021-12-17 18:24:35 INFO::Fitting model to feature number 140, ASV_1004
2021-12-17 18:24:35 INFO::Fitting model to feature number 141, Desulfomicrobium
2021-12-17 18:24:35 INFO::Fitting model to feature number 142, ASV_1095
2021-12-17 18:24:35 INFO::Fitting model to feature number 143, ASV_1098
2021-12-17 18:24:35 INFO::Fitting model to feature number 144, ASV_1121
2021-12-17 18:24:35 INFO::Fitting model to feature number 145, ASV_1135
2021-12-17 18:24:35 INFO::Fitting model to feature number 146, ASV_1306
2021-12-17 18:24:35 INFO::Fitting model to feature number 147, ASV_1325
2021-12-17 18:24:35 INFO::Fitting model to feature number 148, ASV_1483
2021-12-17 18:24:35 INFO::Fitting model to feature number 149, Roseburia
2021-12-17 18:24:35 INFO::Fitting model to feature number 150, Desulfobulbus
2021-12-17 18:24:35 INFO::Fitting model to feature number 151, Phocaeicola
2021-12-17 18:24:35 INFO::Fitting model to feature number 152, ASV_1797
2021-12-17 18:24:35 INFO::Fitting model to feature number 153, ASV_1802
2021-12-17 18:24:35 INFO::Counting total values for each feature
2021-12-17 18:24:35 INFO::Writing residuals to file ./MaAsLin2CLRYao_None_trial_arm/residuals.rds
2021-12-17 18:24:35 INFO::Writing all results to file (ordered by increasing q-values): ./MaAsLin2CLRYao_None_trial_arm/all_results.tsv
2021-12-17 18:24:35 INFO::Writing the significant results (those which are less than or equal to the threshold of 0.050000 ) to file (ordered by increasing q-values): ./MaAsLin2CLRYao_None_trial_arm/significant_results.tsv
2021-12-17 18:24:36 INFO::Writing heatmap of significant results to file: ./MaAsLin2CLRYao_None_trial_arm/heatmap.pdf
2021-12-17 18:24:36 INFO::Writing association plots (one for each significant association) to output folder: ./MaAsLin2CLRYao_None_trial_arm
