2021-12-17 20:15:41 INFO::Writing function arguments to log file
2021-12-17 20:15:41 DEBUG::Function arguments
2021-12-17 20:15:41 DEBUG::Output folder: ./MaAsLin2_Placebo018_random_effectsCLRYao_NONE
2021-12-17 20:15:41 DEBUG::Min Abundance: 0.000000
2021-12-17 20:15:41 DEBUG::Min Prevalence: 0.000000
2021-12-17 20:15:41 DEBUG::Normalization: NONE
2021-12-17 20:15:41 DEBUG::Transform: NONE
2021-12-17 20:15:41 DEBUG::Analysis method: LM
2021-12-17 20:15:41 DEBUG::Max significance: 0.050000
2021-12-17 20:15:41 DEBUG::Random effects:
2021-12-17 20:15:41 DEBUG::Fixed effects: visit
2021-12-17 20:15:41 DEBUG::Correction method: BH
2021-12-17 20:15:41 DEBUG::Standardize: FALSE
2021-12-17 20:15:41 DEBUG::Cores: 1
2021-12-17 20:15:41 INFO::Verifying options selected are valid
2021-12-17 20:15:41 INFO::Determining format of input files
2021-12-17 20:15:41 INFO::Input format is data samples as columns and metadata samples as rows
2021-12-17 20:15:41 DEBUG::Transformed data so samples are rows
2021-12-17 20:15:41 DEBUG::A total of 224 samples were found in both the data and metadata
2021-12-17 20:15:41 DEBUG::Reordering data/metadata to use same sample ordering
2021-12-17 20:15:41 INFO::Formula for fixed effects: expr ~  visit
2021-12-17 20:15:41 INFO::Filter data based on min abundance and min prevalence
2021-12-17 20:15:41 INFO::Total samples in data: 224
2021-12-17 20:15:41 INFO::Min samples required with min abundance for a feature not to be filtered: 0.000000
2021-12-17 20:15:41 INFO::Total filtered features: 0
2021-12-17 20:15:41 INFO::Filtered feature names from abundance and prevalence filtering:
2021-12-17 20:15:41 INFO::Running selected normalization method: NONE
2021-12-17 20:15:41 INFO::Total filtered features with variance filtering: 0
2021-12-17 20:15:41 INFO::Filtered feature names from variance filtering:
2021-12-17 20:15:41 INFO::Bypass z-score application to metadata
2021-12-17 20:15:41 INFO::Running selected transform method: NONE
2021-12-17 20:15:41 INFO::Running selected analysis method: LM
2021-12-17 20:15:41 INFO::Fitting model to feature number 1, Neisseria
2021-12-17 20:15:41 INFO::Fitting model to feature number 2, Streptococcus
2021-12-17 20:15:41 INFO::Fitting model to feature number 3, Haemophilus
2021-12-17 20:15:41 INFO::Fitting model to feature number 4, Prevotella
2021-12-17 20:15:41 INFO::Fitting model to feature number 5, Moraxella
2021-12-17 20:15:41 INFO::Fitting model to feature number 6, Veillonella
2021-12-17 20:15:41 INFO::Fitting model to feature number 7, Fusobacterium
2021-12-17 20:15:41 INFO::Fitting model to feature number 8, Porphyromonas
2021-12-17 20:15:41 INFO::Fitting model to feature number 9, Lautropia
2021-12-17 20:15:41 INFO::Fitting model to feature number 10, Actinobacillus
2021-12-17 20:15:41 INFO::Fitting model to feature number 11, Gemella
2021-12-17 20:15:41 INFO::Fitting model to feature number 12, Alloprevotella
2021-12-17 20:15:41 INFO::Fitting model to feature number 13, Leptotrichia
2021-12-17 20:15:41 INFO::Fitting model to feature number 14, Rothia
2021-12-17 20:15:41 INFO::Fitting model to feature number 15, Aggregatibacter
2021-12-17 20:15:41 INFO::Fitting model to feature number 16, Granulicatella
2021-12-17 20:15:41 INFO::Fitting model to feature number 17, ASV_52
2021-12-17 20:15:41 INFO::Fitting model to feature number 18, Actinomyces
2021-12-17 20:15:41 INFO::Fitting model to feature number 19, ASV_62
2021-12-17 20:15:41 INFO::Fitting model to feature number 20, Campylobacter
2021-12-17 20:15:41 INFO::Fitting model to feature number 21, Bergeyella
2021-12-17 20:15:41 INFO::Fitting model to feature number 22, ASV_68
2021-12-17 20:15:41 INFO::Fitting model to feature number 23, ASV_77
2021-12-17 20:15:41 INFO::Fitting model to feature number 24, Dolosigranulum
2021-12-17 20:15:41 INFO::Fitting model to feature number 25, Streptobacillus
2021-12-17 20:15:41 INFO::Fitting model to feature number 26, Oribacterium
2021-12-17 20:15:41 INFO::Fitting model to feature number 27, ASV_112
2021-12-17 20:15:41 INFO::Fitting model to feature number 28, Stomatobaculum
2021-12-17 20:15:41 INFO::Fitting model to feature number 29, Lachnoanaerobaculum
2021-12-17 20:15:41 INFO::Fitting model to feature number 30, ASV_120
2021-12-17 20:15:41 INFO::Fitting model to feature number 31, ASV_126
2021-12-17 20:15:41 INFO::Fitting model to feature number 32, TM7x
2021-12-17 20:15:41 INFO::Fitting model to feature number 33, Tropheryma
2021-12-17 20:15:41 INFO::Fitting model to feature number 34, Solobacterium
2021-12-17 20:15:41 INFO::Fitting model to feature number 35, Peptostreptococcus
2021-12-17 20:15:41 INFO::Fitting model to feature number 36, Abiotrophia
2021-12-17 20:15:41 INFO::Fitting model to feature number 37, Oceanivirga
2021-12-17 20:15:41 INFO::Fitting model to feature number 38, Corynebacterium
2021-12-17 20:15:41 INFO::Fitting model to feature number 39, ASV_157
2021-12-17 20:15:41 INFO::Fitting model to feature number 40, ASV_163
2021-12-17 20:15:41 INFO::Fitting model to feature number 41, ASV_180
2021-12-17 20:15:41 INFO::Fitting model to feature number 42, ASV_182
2021-12-17 20:15:41 INFO::Fitting model to feature number 43, ASV_187
2021-12-17 20:15:41 INFO::Fitting model to feature number 44, Treponema
2021-12-17 20:15:41 INFO::Fitting model to feature number 45, Mannheimia
2021-12-17 20:15:41 INFO::Fitting model to feature number 46, Eikenella
2021-12-17 20:15:41 INFO::Fitting model to feature number 47, ASV_203
2021-12-17 20:15:41 INFO::Fitting model to feature number 48, ASV_205
2021-12-17 20:15:42 INFO::Fitting model to feature number 49, ASV_209
2021-12-17 20:15:42 INFO::Fitting model to feature number 50, ASV_212
2021-12-17 20:15:42 INFO::Fitting model to feature number 51, F0058
2021-12-17 20:15:42 INFO::Fitting model to feature number 52, ASV_214
2021-12-17 20:15:42 INFO::Fitting model to feature number 53, ASV_216
2021-12-17 20:15:42 INFO::Fitting model to feature number 54, Conchiformibius
2021-12-17 20:15:42 INFO::Fitting model to feature number 55, Hydrogenophaga
2021-12-17 20:15:42 INFO::Fitting model to feature number 56, Catonella
2021-12-17 20:15:42 INFO::Fitting model to feature number 57, Candidatus_Saccharimonas
2021-12-17 20:15:42 INFO::Fitting model to feature number 58, ASV_239
2021-12-17 20:15:42 INFO::Fitting model to feature number 59, ASV_242
2021-12-17 20:15:42 INFO::Fitting model to feature number 60, Mogibacterium
2021-12-17 20:15:42 INFO::Fitting model to feature number 61, Selenomonas
2021-12-17 20:15:42 INFO::Fitting model to feature number 62, ASV_260
2021-12-17 20:15:42 INFO::Fitting model to feature number 63, Cardiobacterium
2021-12-17 20:15:42 INFO::Fitting model to feature number 64, ASV_280
2021-12-17 20:15:42 INFO::Fitting model to feature number 65, ASV_283
2021-12-17 20:15:42 INFO::Fitting model to feature number 66, Comamonas
2021-12-17 20:15:42 INFO::Fitting model to feature number 67, Capnocytophaga
2021-12-17 20:15:42 INFO::Fitting model to feature number 68, Atopobium
2021-12-17 20:15:42 INFO::Fitting model to feature number 69, Kingella
2021-12-17 20:15:42 INFO::Fitting model to feature number 70, Butyrivibrio
2021-12-17 20:15:42 INFO::Fitting model to feature number 71, ASV_307
2021-12-17 20:15:42 INFO::Fitting model to feature number 72, Mycoplasma
2021-12-17 20:15:42 INFO::Fitting model to feature number 73, Tannerella
2021-12-17 20:15:42 INFO::Fitting model to feature number 74, Parvimonas
2021-12-17 20:15:42 INFO::Fitting model to feature number 75, ASV_329
2021-12-17 20:15:42 INFO::Fitting model to feature number 76, ASV_331
2021-12-17 20:15:42 INFO::Fitting model to feature number 77, Filifactor
2021-12-17 20:15:42 INFO::Fitting model to feature number 78, Dialister
2021-12-17 20:15:42 INFO::Fitting model to feature number 79, ASV_339
2021-12-17 20:15:42 INFO::Fitting model to feature number 80, Peptococcus
2021-12-17 20:15:42 INFO::Fitting model to feature number 81, Hyphomicrobium
2021-12-17 20:15:42 INFO::Fitting model to feature number 82, ASV_383
2021-12-17 20:15:42 INFO::Fitting model to feature number 83, Psychrobacter
2021-12-17 20:15:42 INFO::Fitting model to feature number 84, ASV_409
2021-12-17 20:15:42 INFO::Fitting model to feature number 85, F0332
2021-12-17 20:15:42 INFO::Fitting model to feature number 86, ASV_422
2021-12-17 20:15:42 INFO::Fitting model to feature number 87, ASV_428
2021-12-17 20:15:42 INFO::Fitting model to feature number 88, Peptoanaerobacter
2021-12-17 20:15:42 INFO::Fitting model to feature number 89, Delftia
2021-12-17 20:15:42 INFO::Fitting model to feature number 90, Sphingopyxis
2021-12-17 20:15:42 INFO::Fitting model to feature number 91, Lentimicrobium
2021-12-17 20:15:42 INFO::Fitting model to feature number 92, ASV_461
2021-12-17 20:15:42 INFO::Fitting model to feature number 93, ASV_472
2021-12-17 20:15:42 INFO::Fitting model to feature number 94, ASV_485
2021-12-17 20:15:42 INFO::Fitting model to feature number 95, Amnipila
2021-12-17 20:15:42 INFO::Fitting model to feature number 96, Rodentibacter
2021-12-17 20:15:42 INFO::Fitting model to feature number 97, Bulleidia
2021-12-17 20:15:42 INFO::Fitting model to feature number 98, Shuttleworthia
2021-12-17 20:15:42 INFO::Fitting model to feature number 99, ASV_508
2021-12-17 20:15:42 INFO::Fitting model to feature number 100, Rikenellaceae_RC9_gut_group
2021-12-17 20:15:42 INFO::Fitting model to feature number 101, ASV_525
2021-12-17 20:15:42 INFO::Fitting model to feature number 102, Sneathia
2021-12-17 20:15:42 INFO::Fitting model to feature number 103, ASV_529
2021-12-17 20:15:42 INFO::Fitting model to feature number 104, ASV_533
2021-12-17 20:15:42 INFO::Fitting model to feature number 105, ASV_540
2021-12-17 20:15:42 INFO::Fitting model to feature number 106, ASV_561
2021-12-17 20:15:42 INFO::Fitting model to feature number 107, ASV_572
2021-12-17 20:15:42 INFO::Fitting model to feature number 108, ASV_586
2021-12-17 20:15:42 INFO::Fitting model to feature number 109, Defluviitaleaceae_UCG.011
2021-12-17 20:15:42 INFO::Fitting model to feature number 110, ASV_591
2021-12-17 20:15:42 INFO::Fitting model to feature number 111, ASV_639
2021-12-17 20:15:42 INFO::Fitting model to feature number 112, ASV_644
2021-12-17 20:15:42 INFO::Fitting model to feature number 113, Centipeda
2021-12-17 20:15:42 INFO::Fitting model to feature number 114, ASV_682
2021-12-17 20:15:42 INFO::Fitting model to feature number 115, ASV_689
2021-12-17 20:15:42 INFO::Fitting model to feature number 116, Family_XIII_UCG.001
2021-12-17 20:15:42 INFO::Fitting model to feature number 117, ASV_709
2021-12-17 20:15:42 INFO::Fitting model to feature number 118, Anaeroglobus
2021-12-17 20:15:42 INFO::Fitting model to feature number 119, ASV_817
2021-12-17 20:15:42 INFO::Fitting model to feature number 120, ASV_821
2021-12-17 20:15:42 INFO::Fitting model to feature number 121, ASV_844
2021-12-17 20:15:42 INFO::Fitting model to feature number 122, Lactobacillus
2021-12-17 20:15:42 INFO::Fitting model to feature number 123, ASV_854
2021-12-17 20:15:42 INFO::Fitting model to feature number 124, ASV_861
2021-12-17 20:15:42 INFO::Fitting model to feature number 125, Olsenella
2021-12-17 20:15:42 INFO::Fitting model to feature number 126, Fretibacterium
2021-12-17 20:15:42 INFO::Fitting model to feature number 127, Acinetobacter
2021-12-17 20:15:42 INFO::Fitting model to feature number 128, ASV_934
2021-12-17 20:15:42 INFO::Fitting model to feature number 129, Prevotellaceae_YAB2003_group
2021-12-17 20:15:42 INFO::Fitting model to feature number 130, ASV_1004
2021-12-17 20:15:42 INFO::Fitting model to feature number 131, Desulfomicrobium
2021-12-17 20:15:42 INFO::Fitting model to feature number 132, ASV_1095
2021-12-17 20:15:42 INFO::Fitting model to feature number 133, ASV_1098
2021-12-17 20:15:42 INFO::Fitting model to feature number 134, ASV_1121
2021-12-17 20:15:42 INFO::Fitting model to feature number 135, Alysiella
2021-12-17 20:15:42 INFO::Fitting model to feature number 136, ASV_1325
2021-12-17 20:15:42 INFO::Fitting model to feature number 137, Johnsonella
2021-12-17 20:15:42 INFO::Fitting model to feature number 138, Roseburia
2021-12-17 20:15:42 INFO::Fitting model to feature number 139, ASV_1738
2021-12-17 20:15:42 INFO::Fitting model to feature number 140, ASV_1770
2021-12-17 20:15:42 INFO::Fitting model to feature number 141, ASV_1802
2021-12-17 20:15:42 INFO::Fitting model to feature number 142, ASV_1884
2021-12-17 20:15:42 INFO::Counting total values for each feature
2021-12-17 20:15:42 INFO::Writing residuals to file ./MaAsLin2_Placebo018_random_effectsCLRYao_NONE/residuals.rds
2021-12-17 20:15:42 INFO::Writing all results to file (ordered by increasing q-values): ./MaAsLin2_Placebo018_random_effectsCLRYao_NONE/all_results.tsv
2021-12-17 20:15:42 INFO::Writing the significant results (those which are less than or equal to the threshold of 0.050000 ) to file (ordered by increasing q-values): ./MaAsLin2_Placebo018_random_effectsCLRYao_NONE/significant_results.tsv
2021-12-17 20:15:42 INFO::Writing heatmap of significant results to file: ./MaAsLin2_Placebo018_random_effectsCLRYao_NONE/heatmap.pdf
2021-12-17 20:15:42 INFO::Writing association plots (one for each significant association) to output folder: ./MaAsLin2_Placebo018_random_effectsCLRYao_NONE
