2021-12-17 20:07:59 INFO::Writing function arguments to log file
2021-12-17 20:07:59 DEBUG::Function arguments
2021-12-17 20:07:59 DEBUG::Output folder: ./MaAsLin2TSS_Log_visit
2021-12-17 20:07:59 DEBUG::Min Abundance: 0.000000
2021-12-17 20:07:59 DEBUG::Min Prevalence: 0.000000
2021-12-17 20:07:59 DEBUG::Normalization: TSS
2021-12-17 20:07:59 DEBUG::Transform: LOG
2021-12-17 20:07:59 DEBUG::Analysis method: LM
2021-12-17 20:07:59 DEBUG::Max significance: 0.050000
2021-12-17 20:07:59 DEBUG::Random effects:
2021-12-17 20:07:59 DEBUG::Fixed effects: visit
2021-12-17 20:07:59 DEBUG::Correction method: BH
2021-12-17 20:07:59 DEBUG::Standardize: FALSE
2021-12-17 20:07:59 DEBUG::Cores: 1
2021-12-17 20:07:59 INFO::Verifying options selected are valid
2021-12-17 20:07:59 INFO::Determining format of input files
2021-12-17 20:07:59 INFO::Input format is data samples as columns and metadata samples as rows
2021-12-17 20:07:59 DEBUG::Transformed data so samples are rows
2021-12-17 20:07:59 DEBUG::A total of 286 samples were found in both the data and metadata
2021-12-17 20:07:59 DEBUG::Reordering data/metadata to use same sample ordering
2021-12-17 20:07:59 INFO::Formula for fixed effects: expr ~  visit
2021-12-17 20:07:59 INFO::Filter data based on min abundance and min prevalence
2021-12-17 20:07:59 INFO::Total samples in data: 286
2021-12-17 20:07:59 INFO::Min samples required with min abundance for a feature not to be filtered: 0.000000
2021-12-17 20:07:59 INFO::Total filtered features: 0
2021-12-17 20:07:59 INFO::Filtered feature names from abundance and prevalence filtering:
2021-12-17 20:07:59 INFO::Running selected normalization method: TSS
2021-12-17 20:07:59 INFO::Total filtered features with variance filtering: 0
2021-12-17 20:07:59 INFO::Filtered feature names from variance filtering:
2021-12-17 20:07:59 INFO::Bypass z-score application to metadata
2021-12-17 20:07:59 INFO::Running selected transform method: LOG
2021-12-17 20:07:59 INFO::Running selected analysis method: LM
2021-12-17 20:07:59 INFO::Fitting model to feature number 1, Neisseria
2021-12-17 20:07:59 INFO::Fitting model to feature number 2, Haemophilus
2021-12-17 20:07:59 INFO::Fitting model to feature number 3, Streptococcus
2021-12-17 20:07:59 INFO::Fitting model to feature number 4, Prevotella
2021-12-17 20:07:59 INFO::Fitting model to feature number 5, Moraxella
2021-12-17 20:07:59 INFO::Fitting model to feature number 6, Veillonella
2021-12-17 20:07:59 INFO::Fitting model to feature number 7, Fusobacterium
2021-12-17 20:07:59 INFO::Fitting model to feature number 8, Porphyromonas
2021-12-17 20:07:59 INFO::Fitting model to feature number 9, Lautropia
2021-12-17 20:07:59 INFO::Fitting model to feature number 10, Actinobacillus
2021-12-17 20:07:59 INFO::Fitting model to feature number 11, Gemella
2021-12-17 20:07:59 INFO::Fitting model to feature number 12, Alloprevotella
2021-12-17 20:07:59 INFO::Fitting model to feature number 13, Leptotrichia
2021-12-17 20:07:59 INFO::Fitting model to feature number 14, Rothia
2021-12-17 20:07:59 INFO::Fitting model to feature number 15, Aggregatibacter
2021-12-17 20:07:59 INFO::Fitting model to feature number 16, Granulicatella
2021-12-17 20:07:59 INFO::Fitting model to feature number 17, ASV_52
2021-12-17 20:07:59 INFO::Fitting model to feature number 18, Actinomyces
2021-12-17 20:07:59 INFO::Fitting model to feature number 19, ASV_62
2021-12-17 20:07:59 INFO::Fitting model to feature number 20, Campylobacter
2021-12-17 20:07:59 INFO::Fitting model to feature number 21, Bergeyella
2021-12-17 20:07:59 INFO::Fitting model to feature number 22, ASV_68
2021-12-17 20:07:59 INFO::Fitting model to feature number 23, ASV_77
2021-12-17 20:07:59 INFO::Fitting model to feature number 24, Dolosigranulum
2021-12-17 20:07:59 INFO::Fitting model to feature number 25, Corynebacterium
2021-12-17 20:07:59 INFO::Fitting model to feature number 26, Streptobacillus
2021-12-17 20:07:59 INFO::Fitting model to feature number 27, Oribacterium
2021-12-17 20:07:59 INFO::Fitting model to feature number 28, ASV_112
2021-12-17 20:07:59 INFO::Fitting model to feature number 29, Stomatobaculum
2021-12-17 20:07:59 INFO::Fitting model to feature number 30, Lachnoanaerobaculum
2021-12-17 20:07:59 INFO::Fitting model to feature number 31, ASV_120
2021-12-17 20:07:59 INFO::Fitting model to feature number 32, ASV_126
2021-12-17 20:07:59 INFO::Fitting model to feature number 33, TM7x
2021-12-17 20:07:59 INFO::Fitting model to feature number 34, Tropheryma
2021-12-17 20:07:59 INFO::Fitting model to feature number 35, Solobacterium
2021-12-17 20:07:59 INFO::Fitting model to feature number 36, Peptostreptococcus
2021-12-17 20:07:59 INFO::Fitting model to feature number 37, Abiotrophia
2021-12-17 20:07:59 INFO::Fitting model to feature number 38, Oceanivirga
2021-12-17 20:07:59 INFO::Fitting model to feature number 39, ASV_157
2021-12-17 20:07:59 INFO::Fitting model to feature number 40, ASV_163
2021-12-17 20:08:00 INFO::Fitting model to feature number 41, Bordetella
2021-12-17 20:08:00 INFO::Fitting model to feature number 42, ASV_180
2021-12-17 20:08:00 INFO::Fitting model to feature number 43, ASV_182
2021-12-17 20:08:00 INFO::Fitting model to feature number 44, ASV_187
2021-12-17 20:08:00 INFO::Fitting model to feature number 45, Mannheimia
2021-12-17 20:08:00 INFO::Fitting model to feature number 46, Eikenella
2021-12-17 20:08:00 INFO::Fitting model to feature number 47, ASV_203
2021-12-17 20:08:00 INFO::Fitting model to feature number 48, ASV_205
2021-12-17 20:08:00 INFO::Fitting model to feature number 49, ASV_209
2021-12-17 20:08:00 INFO::Fitting model to feature number 50, ASV_212
2021-12-17 20:08:00 INFO::Fitting model to feature number 51, F0058
2021-12-17 20:08:00 INFO::Fitting model to feature number 52, ASV_214
2021-12-17 20:08:00 INFO::Fitting model to feature number 53, ASV_216
2021-12-17 20:08:00 INFO::Fitting model to feature number 54, Conchiformibius
2021-12-17 20:08:00 INFO::Fitting model to feature number 55, Hydrogenophaga
2021-12-17 20:08:00 INFO::Fitting model to feature number 56, Treponema
2021-12-17 20:08:00 INFO::Fitting model to feature number 57, Catonella
2021-12-17 20:08:00 INFO::Fitting model to feature number 58, Candidatus_Saccharimonas
2021-12-17 20:08:00 INFO::Fitting model to feature number 59, ASV_239
2021-12-17 20:08:00 INFO::Fitting model to feature number 60, ASV_242
2021-12-17 20:08:00 INFO::Fitting model to feature number 61, Mogibacterium
2021-12-17 20:08:00 INFO::Fitting model to feature number 62, Selenomonas
2021-12-17 20:08:00 INFO::Fitting model to feature number 63, ASV_260
2021-12-17 20:08:00 INFO::Fitting model to feature number 64, Cardiobacterium
2021-12-17 20:08:00 INFO::Fitting model to feature number 65, ASV_280
2021-12-17 20:08:00 INFO::Fitting model to feature number 66, ASV_283
2021-12-17 20:08:00 INFO::Fitting model to feature number 67, Comamonas
2021-12-17 20:08:00 INFO::Fitting model to feature number 68, Capnocytophaga
2021-12-17 20:08:00 INFO::Fitting model to feature number 69, ASV_286
2021-12-17 20:08:00 INFO::Fitting model to feature number 70, Atopobium
2021-12-17 20:08:00 INFO::Fitting model to feature number 71, Butyrivibrio
2021-12-17 20:08:00 INFO::Fitting model to feature number 72, Kingella
2021-12-17 20:08:00 INFO::Fitting model to feature number 73, ASV_307
2021-12-17 20:08:00 INFO::Fitting model to feature number 74, Mycoplasma
2021-12-17 20:08:00 INFO::Fitting model to feature number 75, Parvimonas
2021-12-17 20:08:00 INFO::Fitting model to feature number 76, ASV_329
2021-12-17 20:08:00 INFO::Fitting model to feature number 77, ASV_331
2021-12-17 20:08:00 INFO::Fitting model to feature number 78, Filifactor
2021-12-17 20:08:00 INFO::Fitting model to feature number 79, Dialister
2021-12-17 20:08:00 INFO::Fitting model to feature number 80, ASV_339
2021-12-17 20:08:00 INFO::Fitting model to feature number 81, Peptococcus
2021-12-17 20:08:00 INFO::Fitting model to feature number 82, Staphylococcus
2021-12-17 20:08:00 INFO::Fitting model to feature number 83, Hyphomicrobium
2021-12-17 20:08:00 INFO::Fitting model to feature number 84, ASV_383
2021-12-17 20:08:00 INFO::Fitting model to feature number 85, ASV_409
2021-12-17 20:08:00 INFO::Fitting model to feature number 86, F0332
2021-12-17 20:08:00 INFO::Fitting model to feature number 87, ASV_422
2021-12-17 20:08:00 INFO::Fitting model to feature number 88, ASV_426
2021-12-17 20:08:00 INFO::Fitting model to feature number 89, Peptoanaerobacter
2021-12-17 20:08:00 INFO::Fitting model to feature number 90, Lentimicrobium
2021-12-17 20:08:00 INFO::Fitting model to feature number 91, Delftia
2021-12-17 20:08:00 INFO::Fitting model to feature number 92, Sphingopyxis
2021-12-17 20:08:00 INFO::Fitting model to feature number 93, Lactobacillus
2021-12-17 20:08:00 INFO::Fitting model to feature number 94, ASV_461
2021-12-17 20:08:00 INFO::Fitting model to feature number 95, ASV_472
2021-12-17 20:08:00 INFO::Fitting model to feature number 96, ASV_485
2021-12-17 20:08:00 INFO::Fitting model to feature number 97, Amnipila
2021-12-17 20:08:00 INFO::Fitting model to feature number 98, Rodentibacter
2021-12-17 20:08:00 INFO::Fitting model to feature number 99, Bulleidia
2021-12-17 20:08:00 INFO::Fitting model to feature number 100, Anaeroglobus
2021-12-17 20:08:00 INFO::Fitting model to feature number 101, Tannerella
2021-12-17 20:08:00 INFO::Fitting model to feature number 102, Shuttleworthia
2021-12-17 20:08:00 INFO::Fitting model to feature number 103, ASV_508
2021-12-17 20:08:00 INFO::Fitting model to feature number 104, Rikenellaceae_RC9_gut_group
2021-12-17 20:08:00 INFO::Fitting model to feature number 105, Sneathia
2021-12-17 20:08:00 INFO::Fitting model to feature number 106, Alysiella
2021-12-17 20:08:00 INFO::Fitting model to feature number 107, ASV_529
2021-12-17 20:08:00 INFO::Fitting model to feature number 108, ASV_540
2021-12-17 20:08:00 INFO::Fitting model to feature number 109, Centipeda
2021-12-17 20:08:00 INFO::Fitting model to feature number 110, ASV_561
2021-12-17 20:08:00 INFO::Fitting model to feature number 111, Defluviitaleaceae_UCG.011
2021-12-17 20:08:00 INFO::Fitting model to feature number 112, ASV_591
2021-12-17 20:08:00 INFO::Fitting model to feature number 113, ASV_596
2021-12-17 20:08:00 INFO::Fitting model to feature number 114, ASV_613
2021-12-17 20:08:00 INFO::Fitting model to feature number 115, ASV_639
2021-12-17 20:08:00 INFO::Fitting model to feature number 116, ASV_644
2021-12-17 20:08:00 INFO::Fitting model to feature number 117, ASV_682
2021-12-17 20:08:00 INFO::Fitting model to feature number 118, ASV_689
2021-12-17 20:08:00 INFO::Fitting model to feature number 119, Family_XIII_UCG.001
2021-12-17 20:08:00 INFO::Fitting model to feature number 120, ASV_709
2021-12-17 20:08:00 INFO::Fitting model to feature number 121, Fretibacterium
2021-12-17 20:08:00 INFO::Fitting model to feature number 122, ASV_817
2021-12-17 20:08:00 INFO::Fitting model to feature number 123, ASV_821
2021-12-17 20:08:00 INFO::Fitting model to feature number 124, ASV_854
2021-12-17 20:08:00 INFO::Fitting model to feature number 125, ASV_860
2021-12-17 20:08:00 INFO::Fitting model to feature number 126, ASV_866
2021-12-17 20:08:00 INFO::Fitting model to feature number 127, ASV_894
2021-12-17 20:08:00 INFO::Fitting model to feature number 128, ASV_897
2021-12-17 20:08:00 INFO::Fitting model to feature number 129, Scardovia
2021-12-17 20:08:00 INFO::Fitting model to feature number 130, Acinetobacter
2021-12-17 20:08:00 INFO::Fitting model to feature number 131, ASV_934
2021-12-17 20:08:00 INFO::Fitting model to feature number 132, Olsenella
2021-12-17 20:08:00 INFO::Fitting model to feature number 133, Prevotellaceae_YAB2003_group
2021-12-17 20:08:00 INFO::Fitting model to feature number 134, ASV_976
2021-12-17 20:08:00 INFO::Fitting model to feature number 135, Mobiluncus
2021-12-17 20:08:00 INFO::Fitting model to feature number 136, ASV_1004
2021-12-17 20:08:00 INFO::Fitting model to feature number 137, Desulfomicrobium
2021-12-17 20:08:00 INFO::Fitting model to feature number 138, ASV_1054
2021-12-17 20:08:00 INFO::Fitting model to feature number 139, ASV_1068
2021-12-17 20:08:00 INFO::Fitting model to feature number 140, ASV_1095
2021-12-17 20:08:00 INFO::Fitting model to feature number 141, Johnsonella
2021-12-17 20:08:00 INFO::Fitting model to feature number 142, Proteus
2021-12-17 20:08:00 INFO::Fitting model to feature number 143, ASV_1202
2021-12-17 20:08:00 INFO::Fitting model to feature number 144, ASV_1234
2021-12-17 20:08:00 INFO::Fitting model to feature number 145, ASV_1258
2021-12-17 20:08:00 INFO::Fitting model to feature number 146, ASV_1325
2021-12-17 20:08:00 INFO::Fitting model to feature number 147, ASV_1343
2021-12-17 20:08:00 INFO::Fitting model to feature number 148, ASV_1456
2021-12-17 20:08:00 INFO::Fitting model to feature number 149, ASV_1494
2021-12-17 20:08:00 INFO::Fitting model to feature number 150, Desulfobulbus
2021-12-17 20:08:00 INFO::Fitting model to feature number 151, ASV_1531
2021-12-17 20:08:00 INFO::Fitting model to feature number 152, Roseburia
2021-12-17 20:08:00 INFO::Fitting model to feature number 153, ASV_1628
2021-12-17 20:08:00 INFO::Fitting model to feature number 154, ASV_1636
2021-12-17 20:08:00 INFO::Fitting model to feature number 155, ASV_1660
2021-12-17 20:08:00 INFO::Fitting model to feature number 156, Avibacterium
2021-12-17 20:08:00 INFO::Fitting model to feature number 157, Pseudoramibacter
2021-12-17 20:08:00 INFO::Fitting model to feature number 158, ASV_1738
2021-12-17 20:08:00 INFO::Fitting model to feature number 159, ASV_1770
2021-12-17 20:08:00 INFO::Fitting model to feature number 160, Wolinella
2021-12-17 20:08:00 INFO::Fitting model to feature number 161, ASV_2161
2021-12-17 20:08:00 INFO::Counting total values for each feature
2021-12-17 20:08:00 INFO::Writing residuals to file ./MaAsLin2TSS_Log_visit/residuals.rds
2021-12-17 20:08:00 INFO::Writing all results to file (ordered by increasing q-values): ./MaAsLin2TSS_Log_visit/all_results.tsv
2021-12-17 20:08:00 INFO::Writing the significant results (those which are less than or equal to the threshold of 0.050000 ) to file (ordered by increasing q-values): ./MaAsLin2TSS_Log_visit/significant_results.tsv
2021-12-17 20:08:00 INFO::Writing heatmap of significant results to file: ./MaAsLin2TSS_Log_visit/heatmap.pdf
2021-12-17 20:08:00 INFO::Writing association plots (one for each significant association) to output folder: ./MaAsLin2TSS_Log_visit
